[2019-06-01 13:03:34] Successful login from IP-address: ::1 with name: john 
[2019-06-01 13:18:06] Failed login attempt from IP-address: ::1 with name: john 
[2019-06-01 13:19:02] Failed login attempt from IP-address: ::1 with name: john 
[2019-06-01 13:19:39] Failed login attempt from IP-address: ::1 with name: john 
[2019-06-01 13:20:20] Failed login attempt from IP-address: ::1 with name: john 
[2019-06-01 13:24:18] Failed login attempt from IP-address: ::1 with name: asd 
[2019-06-01 13:25:00] Failed login attempt from IP-address: ::1 with name: asd 
[2019-06-01 13:25:07] Failed login attempt from IP-address: ::1 with name:  
[2019-06-01 13:25:19] Failed login attempt from IP-address: ::1 with name:  
[2019-06-01 13:27:27] Failed login attempt from IP-address: ::1 with name:  
[2019-06-01 13:27:30] Failed login attempt from IP-address: ::1 with name: a 
[2019-06-01 13:28:04] Failed login attempt from IP-address: ::1 with name: a 
[2019-06-01 13:51:36] Failed login attempt from IP-address: ::1 with name: a 
[2019-06-01 13:51:49] Failed login attempt from IP-address: ::1 with name: john 
[2019-06-01 13:51:51] Failed login attempt from IP-address: ::1 with name: john 
[2019-06-01 13:52:07] Failed login attempt from IP-address: ::1 with name: john 
[2019-06-01 13:56:20] Failed login attempt from IP-address: ::1 with name: john 
[2019-06-01 13:56:22] Failed login attempt from IP-address: ::1 with name: john 
[2019-06-01 13:59:46] Failed login attempt from IP-address: ::1 with name:  
[2019-06-01 13:59:47] Failed login attempt from IP-address: ::1 with name:  
[2019-06-01 13:59:54] Failed login attempt from IP-address: ::1 with name:  
[2019-06-01 13:59:55] Failed login attempt from IP-address: ::1 with name:  
[2019-06-01 14:00:02] Failed login attempt from IP-address: ::1 with name:  
[2019-06-01 14:00:02] Failed login attempt from IP-address: ::1 with name:  
[2019-06-01 14:00:05] Failed login attempt from IP-address: ::1 with name:  
[2019-06-01 14:00:05] Failed login attempt from IP-address: ::1 with name:  
[2019-06-01 14:00:38] Failed login attempt from IP-address: ::1 with name:  
[2019-06-01 14:00:45] Failed login attempt from IP-address: ::1 with name:  
[2019-06-01 14:00:48] Failed login attempt from IP-address: ::1 with name:  
[2019-06-01 14:00:49] Failed login attempt from IP-address: ::1 with name:  
[2019-06-01 14:00:52] Failed login attempt from IP-address: ::1 with name:  
[2019-06-01 14:00:52] Failed login attempt from IP-address: ::1 with name:  
[2019-06-01 14:00:55] Failed login attempt from IP-address: ::1 with name:  
[2019-06-01 14:00:56] Failed login attempt from IP-address: ::1 with name:  
[2019-06-01 14:00:59] Failed login attempt from IP-address: ::1 with name:  
[2019-06-01 14:00:59] Failed login attempt from IP-address: ::1 with name:  
[2019-06-01 14:04:47] Failed login attempt from IP-address: ::1 with name:  
[2019-06-01 14:04:49] Failed login attempt from IP-address: ::1 with name:  
[2019-06-01 14:05:19] Failed login attempt from IP-address: ::1 with name:  
[2019-06-01 14:05:21] Failed login attempt from IP-address: ::1 with name:  
